c:\users\seph\desktop\yaml-cpp\bin-int\yaml-cpp-windows-x86_64\debug\binary.obj
c:\users\seph\desktop\yaml-cpp\bin-int\yaml-cpp-windows-x86_64\debug\convert.obj
c:\users\seph\desktop\yaml-cpp\bin-int\yaml-cpp-windows-x86_64\debug\depthguard.obj
c:\users\seph\desktop\yaml-cpp\bin-int\yaml-cpp-windows-x86_64\debug\directives.obj
c:\users\seph\desktop\yaml-cpp\bin-int\yaml-cpp-windows-x86_64\debug\emit.obj
c:\users\seph\desktop\yaml-cpp\bin-int\yaml-cpp-windows-x86_64\debug\emitfromevents.obj
c:\users\seph\desktop\yaml-cpp\bin-int\yaml-cpp-windows-x86_64\debug\emitter.obj
c:\users\seph\desktop\yaml-cpp\bin-int\yaml-cpp-windows-x86_64\debug\emitterstate.obj
c:\users\seph\desktop\yaml-cpp\bin-int\yaml-cpp-windows-x86_64\debug\emitterutils.obj
c:\users\seph\desktop\yaml-cpp\bin-int\yaml-cpp-windows-x86_64\debug\exceptions.obj
c:\users\seph\desktop\yaml-cpp\bin-int\yaml-cpp-windows-x86_64\debug\exp.obj
c:\users\seph\desktop\yaml-cpp\bin-int\yaml-cpp-windows-x86_64\debug\graphbuilder.obj
c:\users\seph\desktop\yaml-cpp\bin-int\yaml-cpp-windows-x86_64\debug\graphbuilderadapter.obj
c:\users\seph\desktop\yaml-cpp\bin-int\yaml-cpp-windows-x86_64\debug\memory.obj
c:\users\seph\desktop\yaml-cpp\bin-int\yaml-cpp-windows-x86_64\debug\node.obj
c:\users\seph\desktop\yaml-cpp\bin-int\yaml-cpp-windows-x86_64\debug\nodebuilder.obj
c:\users\seph\desktop\yaml-cpp\bin-int\yaml-cpp-windows-x86_64\debug\nodeevents.obj
c:\users\seph\desktop\yaml-cpp\bin-int\yaml-cpp-windows-x86_64\debug\node_data.obj
c:\users\seph\desktop\yaml-cpp\bin-int\yaml-cpp-windows-x86_64\debug\null.obj
c:\users\seph\desktop\yaml-cpp\bin-int\yaml-cpp-windows-x86_64\debug\ostream_wrapper.obj
c:\users\seph\desktop\yaml-cpp\bin-int\yaml-cpp-windows-x86_64\debug\parse.obj
c:\users\seph\desktop\yaml-cpp\bin-int\yaml-cpp-windows-x86_64\debug\parser.obj
c:\users\seph\desktop\yaml-cpp\bin-int\yaml-cpp-windows-x86_64\debug\regex_yaml.obj
c:\users\seph\desktop\yaml-cpp\bin-int\yaml-cpp-windows-x86_64\debug\scanner.obj
c:\users\seph\desktop\yaml-cpp\bin-int\yaml-cpp-windows-x86_64\debug\scanscalar.obj
c:\users\seph\desktop\yaml-cpp\bin-int\yaml-cpp-windows-x86_64\debug\scantag.obj
c:\users\seph\desktop\yaml-cpp\bin-int\yaml-cpp-windows-x86_64\debug\scantoken.obj
c:\users\seph\desktop\yaml-cpp\bin-int\yaml-cpp-windows-x86_64\debug\simplekey.obj
c:\users\seph\desktop\yaml-cpp\bin-int\yaml-cpp-windows-x86_64\debug\singledocparser.obj
c:\users\seph\desktop\yaml-cpp\bin-int\yaml-cpp-windows-x86_64\debug\stream.obj
c:\users\seph\desktop\yaml-cpp\bin-int\yaml-cpp-windows-x86_64\debug\tag.obj
c:\users\seph\desktop\yaml-cpp\bin\yaml-cpp-windows-x86_64\yaml-cpp.lib
